<?xml version="1.0" encoding="UTF-8"?>
<!-- Generated by org.testng.reporters.JUnitReportReporter -->
<testsuite hostname="DESKTOP-F7SHF1O" failures="0" tests="1" name="com.orange.tests.TS1_CreateEmployee" time="15.360" errors="0" timestamp="2023-04-17T10:03:37 IST" skipped="0">
  <testcase classname="com.orange.tests.TS1_CreateEmployee" name="TC1_CreateEmployee" time="15.360"/>
  <system-out/>
</testsuite> <!-- com.orange.tests.TS1_CreateEmployee -->
